<?xml version="1.0" encoding="UTF-8"?>
<testsuite name="com.kazurayam.markdownutils.TranslateTOCTest" tests="7" skipped="0" failures="0" errors="0" timestamp="2022-04-14T05:52:42" hostname="KAZUAKInoMacBook-Air-2.local" time="0.097">
  <properties/>
  <testcase name="test_main()" classname="com.kazurayam.markdownutils.TranslateTOCTest" time="0.072"/>
  <testcase name="test_translateFile()" classname="com.kazurayam.markdownutils.TranslateTOCTest" time="0.005"/>
  <testcase name="test_translateLine()" classname="com.kazurayam.markdownutils.TranslateTOCTest" time="0.004"/>
  <testcase name="test_PTN_LEAD()" classname="com.kazurayam.markdownutils.TranslateTOCTest" time="0.005"/>
  <testcase name="test_PTN_LINK()" classname="com.kazurayam.markdownutils.TranslateTOCTest" time="0.002"/>
  <testcase name="test_translateDocument()" classname="com.kazurayam.markdownutils.TranslateTOCTest" time="0.002"/>
  <testcase name="test_PTN_HEADER()" classname="com.kazurayam.markdownutils.TranslateTOCTest" time="0.001"/>
  <system-out><![CDATA[]]></system-out>
  <system-err><![CDATA[[Test worker] INFO com.kazurayam.markdownutils.TranslateTOCTest - m.groupCount()=0
[Test worker] INFO com.kazurayam.markdownutils.TranslateTOCTest - m.groupCount()=1
[Test worker] INFO com.kazurayam.markdownutils.TranslateTOCTest - m.group(1)='foo_bar'
[Test worker] INFO com.kazurayam.markdownutils.TranslateTOCTest - m.groupCount()=1
[Test worker] INFO com.kazurayam.markdownutils.TranslateTOCTest - m.group(1)='    -    [foo]'
]]></system-err>
</testsuite>
