<?xml version="1.0" encoding="UTF-8"?>
<testsuite name="com.kazurayam.markdownutil.TranslatePandocTocToGFMTest" tests="3" skipped="0" failures="0" errors="0" timestamp="2022-04-14T03:39:50" hostname="KAZUAKInoMacBook-Air-2.local" time="0.098">
  <properties/>
  <testcase name="test_PTN_LEAD()" classname="com.kazurayam.markdownutil.TranslatePandocTocToGFMTest" time="0.085"/>
  <testcase name="test_PTN_LINK()" classname="com.kazurayam.markdownutil.TranslatePandocTocToGFMTest" time="0.003"/>
  <testcase name="test_PTN_HEADER()" classname="com.kazurayam.markdownutil.TranslatePandocTocToGFMTest" time="0.006"/>
  <system-out><![CDATA[]]></system-out>
  <system-err><![CDATA[[Test worker] INFO com.kazurayam.markdownutil.TranslatePandocTocToGFMTest - m.groupCount()=0
[Test worker] INFO com.kazurayam.markdownutil.TranslatePandocTocToGFMTest - m.groupCount()=1
[Test worker] INFO com.kazurayam.markdownutil.TranslatePandocTocToGFMTest - m.group(1)='foo_bar'
[Test worker] INFO com.kazurayam.markdownutil.TranslatePandocTocToGFMTest - m.groupCount()=1
[Test worker] INFO com.kazurayam.markdownutil.TranslatePandocTocToGFMTest - m.group(1)='    -    [foo]'
]]></system-err>
</testsuite>
